Performing C SOURCE FILE Test CMAKE_HAVE_LIBC_PTHREAD failed with the following output:
Change Dir: /home/grads/s/sant1/Desktop/srsLTE/build/CMakeFiles/CMakeTmp

Run Build Command(s):/usr/bin/make -f Makefile cmTC_0fbff/fast && /usr/bin/make  -f CMakeFiles/cmTC_0fbff.dir/build.make CMakeFiles/cmTC_0fbff.dir/build
make[1]: Entering directory '/home/grads/s/sant1/Desktop/srsLTE/build/CMakeFiles/CMakeTmp'
Building C object CMakeFiles/cmTC_0fbff.dir/src.c.o
/usr/bin/cc -DCMAKE_HAVE_LIBC_PTHREAD   -o CMakeFiles/cmTC_0fbff.dir/src.c.o -c /home/grads/s/sant1/Desktop/srsLTE/build/CMakeFiles/CMakeTmp/src.c
Linking C executable cmTC_0fbff
/snap/cmake/955/bin/cmake -E cmake_link_script CMakeFiles/cmTC_0fbff.dir/link.txt --verbose=1
/usr/bin/cc -rdynamic CMakeFiles/cmTC_0fbff.dir/src.c.o -o cmTC_0fbff 
CMakeFiles/cmTC_0fbff.dir/src.c.o: In function `main':
src.c:(.text+0x3e): undefined reference to `pthread_create'
src.c:(.text+0x4a): undefined reference to `pthread_detach'
src.c:(.text+0x56): undefined reference to `pthread_cancel'
src.c:(.text+0x67): undefined reference to `pthread_join'
src.c:(.text+0x7b): undefined reference to `pthread_atfork'
collect2: error: ld returned 1 exit status
CMakeFiles/cmTC_0fbff.dir/build.make:98: recipe for target 'cmTC_0fbff' failed
make[1]: *** [cmTC_0fbff] Error 1
make[1]: Leaving directory '/home/grads/s/sant1/Desktop/srsLTE/build/CMakeFiles/CMakeTmp'
Makefile:127: recipe for target 'cmTC_0fbff/fast' failed
make: *** [cmTC_0fbff/fast] Error 2


Source file was:
#include <pthread.h>

static void* test_func(void* data)
{
  return data;
}

int main(void)
{
  pthread_t thread;
  pthread_create(&thread, NULL, test_func, NULL);
  pthread_detach(thread);
  pthread_cancel(thread);
  pthread_join(thread, NULL);
  pthread_atfork(NULL, NULL, NULL);
  pthread_exit(NULL);

  return 0;
}

Determining if the function pthread_create exists in the pthreads failed with the following output:
Change Dir: /home/grads/s/sant1/Desktop/srsLTE/build/CMakeFiles/CMakeTmp

Run Build Command(s):/usr/bin/make -f Makefile cmTC_4323c/fast && /usr/bin/make  -f CMakeFiles/cmTC_4323c.dir/build.make CMakeFiles/cmTC_4323c.dir/build
make[1]: Entering directory '/home/grads/s/sant1/Desktop/srsLTE/build/CMakeFiles/CMakeTmp'
Building C object CMakeFiles/cmTC_4323c.dir/CheckFunctionExists.c.o
/usr/bin/cc   -DCHECK_FUNCTION_EXISTS=pthread_create -o CMakeFiles/cmTC_4323c.dir/CheckFunctionExists.c.o -c /snap/cmake/955/share/cmake-3.21/Modules/CheckFunctionExists.c
Linking C executable cmTC_4323c
/snap/cmake/955/bin/cmake -E cmake_link_script CMakeFiles/cmTC_4323c.dir/link.txt --verbose=1
/usr/bin/cc  -DCHECK_FUNCTION_EXISTS=pthread_create -rdynamic CMakeFiles/cmTC_4323c.dir/CheckFunctionExists.c.o -o cmTC_4323c  -lpthreads 
/usr/bin/ld: cannot find -lpthreads
collect2: error: ld returned 1 exit status
CMakeFiles/cmTC_4323c.dir/build.make:98: recipe for target 'cmTC_4323c' failed
make[1]: *** [cmTC_4323c] Error 1
make[1]: Leaving directory '/home/grads/s/sant1/Desktop/srsLTE/build/CMakeFiles/CMakeTmp'
Makefile:127: recipe for target 'cmTC_4323c/fast' failed
make: *** [cmTC_4323c/fast] Error 2



Determining if the pthread_create exist failed with the following output:
Change Dir: /home/grads/s/sant1/Desktop/srsLTE/build/CMakeFiles/CMakeTmp

Run Build Command:"/usr/bin/make" "cmTC_f3170/fast"
/usr/bin/make -f CMakeFiles/cmTC_f3170.dir/build.make CMakeFiles/cmTC_f3170.dir/build
make[1]: Entering directory '/home/grads/s/sant1/Desktop/srsLTE/build/CMakeFiles/CMakeTmp'
Building C object CMakeFiles/cmTC_f3170.dir/CheckSymbolExists.c.o
/usr/bin/cc    -o CMakeFiles/cmTC_f3170.dir/CheckSymbolExists.c.o   -c /home/grads/s/sant1/Desktop/srsLTE/build/CMakeFiles/CMakeTmp/CheckSymbolExists.c
Linking C executable cmTC_f3170
/usr/bin/cmake -E cmake_link_script CMakeFiles/cmTC_f3170.dir/link.txt --verbose=1
/usr/bin/cc      -rdynamic CMakeFiles/cmTC_f3170.dir/CheckSymbolExists.c.o  -o cmTC_f3170 
CMakeFiles/cmTC_f3170.dir/CheckSymbolExists.c.o: In function `main':
CheckSymbolExists.c:(.text+0x1b): undefined reference to `pthread_create'
collect2: error: ld returned 1 exit status
CMakeFiles/cmTC_f3170.dir/build.make:97: recipe for target 'cmTC_f3170' failed
make[1]: *** [cmTC_f3170] Error 1
make[1]: Leaving directory '/home/grads/s/sant1/Desktop/srsLTE/build/CMakeFiles/CMakeTmp'
Makefile:126: recipe for target 'cmTC_f3170/fast' failed
make: *** [cmTC_f3170/fast] Error 2

File /home/grads/s/sant1/Desktop/srsLTE/build/CMakeFiles/CMakeTmp/CheckSymbolExists.c:
/* */
#include <pthread.h>

int main(int argc, char** argv)
{
  (void)argv;
#ifndef pthread_create
  return ((int*)(&pthread_create))[argc];
#else
  (void)argc;
  return 0;
#endif
}

